[debug] [2020-06-09T18:02:14.881Z] ----------------------------------------------------------------------
[debug] [2020-06-09T18:02:14.883Z] Command:       D:\nodejs\node.exe C:\Users\Admin\AppData\Roaming\npm\node_modules\firebase-tools\lib\bin\firebase.js init hosting
[debug] [2020-06-09T18:02:14.883Z] CLI Version:   8.4.2
[debug] [2020-06-09T18:02:14.883Z] Platform:      win32
[debug] [2020-06-09T18:02:14.883Z] Node Version:  v10.15.3
[debug] [2020-06-09T18:02:14.884Z] Time:          Wed Jun 10 2020 01:02:14 GMT+0700 (Indochina Time)
[debug] [2020-06-09T18:02:14.885Z] ----------------------------------------------------------------------
[debug] [2020-06-09T18:02:14.885Z] 
[debug] [2020-06-09T18:02:14.891Z] > command requires scopes: ["email","openid","https://www.googleapis.com/auth/cloudplatformprojects.readonly","https://www.googleapis.com/auth/firebase","https://www.googleapis.com/auth/cloud-platform"]
[debug] [2020-06-09T18:02:14.891Z] > authorizing via signed-in user
[info] 
     ######## #### ########  ######## ########     ###     ######  ########
     ##        ##  ##     ## ##       ##     ##  ##   ##  ##       ##
     ######    ##  ########  ######   ########  #########  ######  ######
     ##        ##  ##    ##  ##       ##     ## ##     ##       ## ##
     ##       #### ##     ## ######## ########  ##     ##  ######  ########

You're about to initialize a Firebase project in this directory:

  D:\MotoCare\admin

Before we get started, keep in mind:

  * You are initializing in an existing Firebase project directory

